[9244:1412:1208/141852:INFO:AppRunner.cpp(619)] Begin run process geeplayer
[9244:1412:1208/141852:INFO:AppRunner.cpp(623)] ProductName is GeePlayer1
[9244:1412:1208/141852:INFO:AppRunner.cpp(662)] apppluginbase version is 4.3.4.80
[9244:1412:1208/141852:INFO:UIlib.cpp(192)] quilib: version is 4.3.4.78
[9244:1412:1208/141852:INFO:serviceManager.cpp(687)] mainprocessisrunning key is set as 1
[9244:1412:1208/141852:INFO:serviceManager.cpp(800)] create local service plugin PluginServerStatePlugin
[9244:1412:1208/141852:INFO:serviceManager.cpp(857)] plugin PluginServerStatePlugin DoPluginInit
[9244:1412:1208/141852:INFO:serviceManager.cpp(1523)] repository parse over
[9244:1412:1208/141903:INFO:UIManager.cpp(372)] quilib:call set resouce path, path is c:\program files (x86)\iqiyi video\geeplayer\2.5.38.3449\skin
[9244:1412:1208/141903:INFO:UIDlgBuilder.cpp(407)] quilib:create root control failed
[9244:1412:1208/141903:INFO:UIDlgBuilder.cpp(407)] quilib:create root control failed
[9244:1412:1208/141903:INFO:UIDlgBuilder.cpp(407)] quilib:create root control failed
[9244:1412:1208/141903:INFO:UIDlgBuilder.cpp(407)] quilib:create root control failed
[9244:1412:1208/141903:INFO:UIDlgBuilder.cpp(407)] quilib:create root control failed
[9244:1412:1208/141903:INFO:UIDlgBuilder.cpp(407)] quilib:create root control failed
[9244:1412:1208/141908:INFO:AppRunner.cpp(715)] loop exit geeplayer call main plugin DestoryPluginEntry
[9244:1412:1208/141908:INFO:IPlugin.cpp(117)] real plugin mainPlugin call DestroyPlugin
[9244:1412:1208/141908:INFO:IPlugin.cpp(374)] destruct plugin mainPlugin
[9244:1412:1208/141908:INFO:serviceManager.cpp(1608)] mainPlugin plugin had destroy by DestructPlugin
[9244:1412:1208/141908:INFO:serviceManager.cpp(2532)] DestructManager begin
[9244:1412:1208/141908:INFO:IPlugin.cpp(374)] destruct plugin PluginServerStatePlugin
[9244:1412:1208/141908:INFO:IPlugin.cpp(286)] real plugin PluginServerStatePlugin call DestroyPlugin
[9244:1412:1208/141908:INFO:serviceManager.cpp(1608)] PluginServerStatePlugin plugin had destroy by DestructPlugin
[9244:1412:1208/141908:INFO:serviceManager.cpp(2408)] DeleteLeftPlugins begin
[9244:1412:1208/141908:INFO:serviceManager.cpp(2470)] DeleteLeftPlugins end
[9244:1412:1208/141908:INFO:serviceManager.cpp(687)] mainprocessisrunning key is set as 0
[9244:1412:1208/141908:INFO:AppRunner.cpp(730)] close mutex of process geeplayer
[9244:1412:1208/141908:INFO:AppRunner.cpp(738)] run process geeplayer end
[11632:6276:1213/155330:INFO:AppRunner.cpp(619)] Begin run process geeplayer
[11632:6276:1213/155330:INFO:AppRunner.cpp(623)] ProductName is GeePlayer8
[11632:6276:1213/155330:INFO:AppRunner.cpp(662)] apppluginbase version is 4.3.4.80
[11632:6276:1213/155331:INFO:UIlib.cpp(192)] quilib: version is 4.3.4.78
[11632:6276:1213/155331:INFO:serviceManager.cpp(687)] mainprocessisrunning key is set as 1
[11632:6276:1213/155331:INFO:serviceManager.cpp(800)] create local service plugin PluginServerStatePlugin
[11632:6276:1213/155331:INFO:serviceManager.cpp(857)] plugin PluginServerStatePlugin DoPluginInit
[11632:6276:1213/155331:INFO:serviceManager.cpp(1523)] repository parse over
[11632:6276:1213/155333:INFO:UIManager.cpp(372)] quilib:call set resouce path, path is c:\program files (x86)\iqiyi video\geeplayer\2.5.38.3449\skin
[11632:6276:1213/155334:INFO:UIDlgBuilder.cpp(407)] quilib:create root control failed
[11632:6276:1213/155334:INFO:UIDlgBuilder.cpp(407)] quilib:create root control failed
[11632:6276:1213/155334:INFO:UIDlgBuilder.cpp(407)] quilib:create root control failed
[11632:6276:1213/155334:INFO:UIDlgBuilder.cpp(407)] quilib:create root control failed
[11632:6276:1213/155334:INFO:UIDlgBuilder.cpp(407)] quilib:create root control failed
[11632:6276:1213/155334:INFO:UIDlgBuilder.cpp(407)] quilib:create root control failed
[9736:13464:1213/155348:INFO:AppRunner.cpp(619)] Begin run process geeplayer
[9736:13464:1213/155348:INFO:AppRunner.cpp(623)] ProductName is GeePlayer9
[9736:13464:1213/155348:INFO:AppRunner.cpp(662)] apppluginbase version is 4.3.4.80
[9736:13464:1213/155348:INFO:UIlib.cpp(192)] quilib: version is 4.3.4.78
[9736:13464:1213/155348:INFO:serviceManager.cpp(687)] mainprocessisrunning key is set as 1
[9736:13464:1213/155348:INFO:serviceManager.cpp(800)] create local service plugin PluginServerStatePlugin
[9736:13464:1213/155348:INFO:serviceManager.cpp(694)] service recordPluginServerStatePlugin is dirty old runPID:11632 , right pid:9736 , arrPeerInfo Size:0
[9736:13464:1213/155348:INFO:serviceManager.cpp(704)] service table: name:PluginServerStatePlugin runpid:11632 plugin:0050ED78, 
[9736:13464:1213/155348:INFO:serviceManager.cpp(857)] plugin PluginServerStatePlugin DoPluginInit
[9736:13464:1213/155348:INFO:serviceManager.cpp(1523)] repository parse over
[9736:13464:1213/155349:INFO:UIManager.cpp(372)] quilib:call set resouce path, path is c:\program files (x86)\iqiyi video\geeplayer\2.5.38.3449\skin
[9736:13464:1213/155349:INFO:UIDlgBuilder.cpp(407)] quilib:create root control failed
[9736:13464:1213/155349:INFO:UIDlgBuilder.cpp(407)] quilib:create root control failed
[9736:13464:1213/155349:INFO:UIDlgBuilder.cpp(407)] quilib:create root control failed
[9736:13464:1213/155349:INFO:UIDlgBuilder.cpp(407)] quilib:create root control failed
[9736:13464:1213/155349:INFO:UIDlgBuilder.cpp(407)] quilib:create root control failed
[9736:13464:1213/155349:INFO:UIDlgBuilder.cpp(407)] quilib:create root control failed
[9736:13464:1213/173405:INFO:AppRunner.cpp(715)] loop exit geeplayer call main plugin DestoryPluginEntry
[11632:6276:1213/173405:INFO:AppRunner.cpp(715)] loop exit geeplayer call main plugin DestoryPluginEntry
[9736:13464:1213/173405:INFO:IPlugin.cpp(117)] real plugin mainPlugin call DestroyPlugin
[11632:6276:1213/173405:INFO:IPlugin.cpp(117)] real plugin mainPlugin call DestroyPlugin
[9736:13464:1213/173413:INFO:IPlugin.cpp(374)] destruct plugin mainPlugin
[11632:6276:1213/173413:INFO:IPlugin.cpp(374)] destruct plugin mainPlugin
[9736:13464:1213/173413:INFO:serviceManager.cpp(1608)] mainPlugin plugin had destroy by DestructPlugin
[11632:6276:1213/173413:INFO:serviceManager.cpp(1608)] mainPlugin plugin had destroy by DestructPlugin
[11632:6276:1213/173413:INFO:serviceManager.cpp(2532)] DestructManager begin
[9736:13464:1213/173413:INFO:serviceManager.cpp(2532)] DestructManager begin
[11632:6276:1213/173413:INFO:IPlugin.cpp(374)] destruct plugin PluginServerStatePlugin
[11632:6276:1213/173413:INFO:IPlugin.cpp(286)] real plugin PluginServerStatePlugin call DestroyPlugin
[9736:13464:1213/173413:INFO:IPlugin.cpp(374)] destruct plugin PluginServerStatePlugin
[11632:6276:1213/173413:INFO:serviceManager.cpp(1608)] PluginServerStatePlugin plugin had destroy by DestructPlugin
[9736:13464:1213/173413:INFO:IPlugin.cpp(286)] real plugin PluginServerStatePlugin call DestroyPlugin
[9736:13464:1213/173413:INFO:serviceManager.cpp(1608)] PluginServerStatePlugin plugin had destroy by DestructPlugin
[11632:6276:1213/173413:INFO:serviceManager.cpp(2408)] DeleteLeftPlugins begin
[11632:6276:1213/173413:INFO:serviceManager.cpp(2470)] DeleteLeftPlugins end
[11632:6276:1213/173413:INFO:serviceManager.cpp(687)] mainprocessisrunning key is set as 0
[11632:6276:1213/173413:INFO:AppRunner.cpp(730)] close mutex of process geeplayer
[9736:13464:1213/173413:INFO:serviceManager.cpp(2408)] DeleteLeftPlugins begin
[11632:6276:1213/173413:INFO:AppRunner.cpp(738)] run process geeplayer end
[9736:13464:1213/173413:INFO:serviceManager.cpp(2470)] DeleteLeftPlugins end
[9736:13464:1213/173413:INFO:serviceManager.cpp(687)] mainprocessisrunning key is set as 0
[9736:13464:1213/173413:INFO:AppRunner.cpp(730)] close mutex of process geeplayer
[9736:13464:1213/173413:INFO:AppRunner.cpp(738)] run process geeplayer end
[12948:13324:1220/151644:INFO:AppRunner.cpp(619)] Begin run process geeplayer
[12948:13324:1220/151644:INFO:AppRunner.cpp(623)] ProductName is GeePlayer1
[12948:13324:1220/151644:INFO:AppRunner.cpp(662)] apppluginbase version is 4.3.4.80
[12948:13324:1220/151644:INFO:UIlib.cpp(192)] quilib: version is 4.3.4.78
[12948:13324:1220/151644:INFO:serviceManager.cpp(687)] mainprocessisrunning key is set as 1
[12948:13324:1220/151644:INFO:serviceManager.cpp(800)] create local service plugin PluginServerStatePlugin
[12948:13324:1220/151644:INFO:serviceManager.cpp(857)] plugin PluginServerStatePlugin DoPluginInit
[12948:13324:1220/151644:INFO:serviceManager.cpp(1523)] repository parse over
[12948:13324:1220/151647:INFO:UIManager.cpp(372)] quilib:call set resouce path, path is c:\program files (x86)\iqiyi video\geeplayer\2.5.38.3449\skin
[12948:13324:1220/151647:INFO:UIDlgBuilder.cpp(407)] quilib:create root control failed
[12948:13324:1220/151647:INFO:UIDlgBuilder.cpp(407)] quilib:create root control failed
[12948:13324:1220/151647:INFO:UIDlgBuilder.cpp(407)] quilib:create root control failed
[12948:13324:1220/151647:INFO:UIDlgBuilder.cpp(407)] quilib:create root control failed
[12948:13324:1220/151647:INFO:UIDlgBuilder.cpp(407)] quilib:create root control failed
[12948:13324:1220/151647:INFO:UIDlgBuilder.cpp(407)] quilib:create root control failed
[12948:13324:1220/151649:INFO:UIDlgBuilder.cpp(407)] quilib:create root control failed
[12948:13324:1220/151654:INFO:AppRunner.cpp(715)] loop exit geeplayer call main plugin DestoryPluginEntry
[12948:13324:1220/151654:INFO:IPlugin.cpp(117)] real plugin mainPlugin call DestroyPlugin
[12948:13324:1220/151654:INFO:IPlugin.cpp(374)] destruct plugin mainPlugin
[12948:13324:1220/151654:INFO:serviceManager.cpp(1608)] mainPlugin plugin had destroy by DestructPlugin
[12948:13324:1220/151654:INFO:serviceManager.cpp(2532)] DestructManager begin
[12948:13324:1220/151654:INFO:IPlugin.cpp(374)] destruct plugin PluginServerStatePlugin
[12948:13324:1220/151654:INFO:IPlugin.cpp(286)] real plugin PluginServerStatePlugin call DestroyPlugin
[12948:13324:1220/151654:INFO:serviceManager.cpp(1608)] PluginServerStatePlugin plugin had destroy by DestructPlugin
[12948:13324:1220/151654:INFO:serviceManager.cpp(2408)] DeleteLeftPlugins begin
[12948:13324:1220/151654:INFO:serviceManager.cpp(2470)] DeleteLeftPlugins end
[12948:13324:1220/151654:INFO:serviceManager.cpp(687)] mainprocessisrunning key is set as 0
[12948:13324:1220/151654:INFO:AppRunner.cpp(730)] close mutex of process geeplayer
[12948:13324:1220/151654:INFO:AppRunner.cpp(738)] run process geeplayer end
[11328:11524:1220/154337:INFO:AppRunner.cpp(619)] Begin run process geeplayer
[11328:11524:1220/154338:INFO:AppRunner.cpp(623)] ProductName is GeePlayer1
[11328:11524:1220/154338:INFO:AppRunner.cpp(662)] apppluginbase version is 4.3.4.80
[11328:11524:1220/154338:INFO:UIlib.cpp(192)] quilib: version is 4.3.4.78
[11328:11524:1220/154338:INFO:serviceManager.cpp(687)] mainprocessisrunning key is set as 1
[11328:11524:1220/154338:INFO:serviceManager.cpp(800)] create local service plugin PluginServerStatePlugin
[11328:11524:1220/154338:INFO:serviceManager.cpp(857)] plugin PluginServerStatePlugin DoPluginInit
[11328:11524:1220/154338:INFO:serviceManager.cpp(1523)] repository parse over
[11328:11524:1220/154343:INFO:UIManager.cpp(372)] quilib:call set resouce path, path is c:\program files (x86)\iqiyi video\geeplayer\2.5.38.3449\skin
[11328:11524:1220/154343:INFO:UIDlgBuilder.cpp(407)] quilib:create root control failed
[11328:11524:1220/154343:INFO:UIDlgBuilder.cpp(407)] quilib:create root control failed
[11328:11524:1220/154343:INFO:UIDlgBuilder.cpp(407)] quilib:create root control failed
[11328:11524:1220/154343:INFO:UIDlgBuilder.cpp(407)] quilib:create root control failed
[11328:11524:1220/154343:INFO:UIDlgBuilder.cpp(407)] quilib:create root control failed
[11328:11524:1220/154343:INFO:UIDlgBuilder.cpp(407)] quilib:create root control failed
[11328:11524:1220/154349:INFO:AppRunner.cpp(715)] loop exit geeplayer call main plugin DestoryPluginEntry
[11328:11524:1220/154349:INFO:IPlugin.cpp(117)] real plugin mainPlugin call DestroyPlugin
[11328:11524:1220/154349:INFO:IPlugin.cpp(374)] destruct plugin mainPlugin
[11328:11524:1220/154349:INFO:serviceManager.cpp(1608)] mainPlugin plugin had destroy by DestructPlugin
[11328:11524:1220/154349:INFO:serviceManager.cpp(2532)] DestructManager begin
[11328:11524:1220/154349:INFO:IPlugin.cpp(374)] destruct plugin PluginServerStatePlugin
[11328:11524:1220/154349:INFO:IPlugin.cpp(286)] real plugin PluginServerStatePlugin call DestroyPlugin
[11328:11524:1220/154349:INFO:serviceManager.cpp(1608)] PluginServerStatePlugin plugin had destroy by DestructPlugin
[11328:11524:1220/154349:INFO:serviceManager.cpp(2408)] DeleteLeftPlugins begin
[11328:11524:1220/154349:INFO:serviceManager.cpp(2470)] DeleteLeftPlugins end
[11328:11524:1220/154349:INFO:serviceManager.cpp(687)] mainprocessisrunning key is set as 0
[11328:11524:1220/154349:INFO:AppRunner.cpp(730)] close mutex of process geeplayer
[11328:11524:1220/154349:INFO:AppRunner.cpp(738)] run process geeplayer end
[2036:11760:1222/182445:INFO:AppRunner.cpp(619)] Begin run process geeplayer
[2036:11760:1222/182445:INFO:AppRunner.cpp(623)] ProductName is GeePlayer1
[2036:11760:1222/182445:INFO:AppRunner.cpp(662)] apppluginbase version is 4.3.4.80
[2036:11760:1222/182445:INFO:UIlib.cpp(192)] quilib: version is 4.3.4.78
[2036:11760:1222/182445:INFO:serviceManager.cpp(687)] mainprocessisrunning key is set as 1
[2036:11760:1222/182445:INFO:serviceManager.cpp(800)] create local service plugin PluginServerStatePlugin
[2036:11760:1222/182445:INFO:serviceManager.cpp(857)] plugin PluginServerStatePlugin DoPluginInit
[2036:11760:1222/182445:INFO:serviceManager.cpp(1523)] repository parse over
[2036:11760:1222/182448:INFO:UIManager.cpp(372)] quilib:call set resouce path, path is c:\program files (x86)\iqiyi video\geeplayer\2.5.38.3449\skin
[2036:11760:1222/182448:INFO:UIDlgBuilder.cpp(407)] quilib:create root control failed
[2036:11760:1222/182448:INFO:UIDlgBuilder.cpp(407)] quilib:create root control failed
[2036:11760:1222/182448:INFO:UIDlgBuilder.cpp(407)] quilib:create root control failed
[2036:11760:1222/182448:INFO:UIDlgBuilder.cpp(407)] quilib:create root control failed
[2036:11760:1222/182448:INFO:UIDlgBuilder.cpp(407)] quilib:create root control failed
[2036:11760:1222/182448:INFO:UIDlgBuilder.cpp(407)] quilib:create root control failed
[2036:11760:1222/182449:INFO:AppRunner.cpp(715)] loop exit geeplayer call main plugin DestoryPluginEntry
[2036:11760:1222/182449:INFO:IPlugin.cpp(117)] real plugin mainPlugin call DestroyPlugin
[2036:11760:1222/182449:INFO:IPlugin.cpp(374)] destruct plugin mainPlugin
[2036:11760:1222/182449:INFO:serviceManager.cpp(1608)] mainPlugin plugin had destroy by DestructPlugin
[2036:11760:1222/182449:INFO:serviceManager.cpp(2532)] DestructManager begin
[2036:11760:1222/182449:INFO:IPlugin.cpp(374)] destruct plugin PluginServerStatePlugin
[2036:11760:1222/182449:INFO:IPlugin.cpp(286)] real plugin PluginServerStatePlugin call DestroyPlugin
[2036:11760:1222/182449:INFO:serviceManager.cpp(1608)] PluginServerStatePlugin plugin had destroy by DestructPlugin
[2036:11760:1222/182449:INFO:serviceManager.cpp(2408)] DeleteLeftPlugins begin
[2036:11760:1222/182449:INFO:serviceManager.cpp(2470)] DeleteLeftPlugins end
[2036:11760:1222/182449:INFO:serviceManager.cpp(687)] mainprocessisrunning key is set as 0
[2036:11760:1222/182449:INFO:AppRunner.cpp(730)] close mutex of process geeplayer
[2036:11760:1222/182449:INFO:AppRunner.cpp(738)] run process geeplayer end
[9800:2324:1227/111012:INFO:AppRunner.cpp(619)] Begin run process geeplayer
[9800:2324:1227/111012:INFO:AppRunner.cpp(623)] ProductName is GeePlayer1
[9800:2324:1227/111012:INFO:AppRunner.cpp(662)] apppluginbase version is 4.3.4.80
[9800:2324:1227/111012:INFO:UIlib.cpp(192)] quilib: version is 4.3.4.78
[9800:2324:1227/111012:INFO:serviceManager.cpp(687)] mainprocessisrunning key is set as 1
[9800:2324:1227/111012:INFO:serviceManager.cpp(800)] create local service plugin PluginServerStatePlugin
[9800:2324:1227/111012:INFO:serviceManager.cpp(857)] plugin PluginServerStatePlugin DoPluginInit
[9800:2324:1227/111012:INFO:serviceManager.cpp(1523)] repository parse over
[9800:2324:1227/111017:INFO:UIManager.cpp(372)] quilib:call set resouce path, path is c:\program files (x86)\iqiyi video\geeplayer\2.5.38.3449\skin
[9800:2324:1227/111017:INFO:UIDlgBuilder.cpp(407)] quilib:create root control failed
[9800:2324:1227/111017:INFO:UIDlgBuilder.cpp(407)] quilib:create root control failed
[9800:2324:1227/111017:INFO:UIDlgBuilder.cpp(407)] quilib:create root control failed
[9800:2324:1227/111017:INFO:UIDlgBuilder.cpp(407)] quilib:create root control failed
[9800:2324:1227/111017:INFO:UIDlgBuilder.cpp(407)] quilib:create root control failed
[9800:2324:1227/111017:INFO:UIDlgBuilder.cpp(407)] quilib:create root control failed
[9800:2324:1227/111019:INFO:AppRunner.cpp(715)] loop exit geeplayer call main plugin DestoryPluginEntry
[9800:2324:1227/111019:INFO:IPlugin.cpp(117)] real plugin mainPlugin call DestroyPlugin
[9800:2324:1227/111020:INFO:IPlugin.cpp(374)] destruct plugin mainPlugin
[9800:2324:1227/111020:INFO:serviceManager.cpp(1608)] mainPlugin plugin had destroy by DestructPlugin
[9800:2324:1227/111020:INFO:serviceManager.cpp(2532)] DestructManager begin
[9800:2324:1227/111020:INFO:IPlugin.cpp(374)] destruct plugin PluginServerStatePlugin
[9800:2324:1227/111020:INFO:IPlugin.cpp(286)] real plugin PluginServerStatePlugin call DestroyPlugin
[9800:2324:1227/111020:INFO:serviceManager.cpp(1608)] PluginServerStatePlugin plugin had destroy by DestructPlugin
[9800:2324:1227/111020:INFO:serviceManager.cpp(2408)] DeleteLeftPlugins begin
[9800:2324:1227/111020:INFO:serviceManager.cpp(2470)] DeleteLeftPlugins end
[9800:2324:1227/111020:INFO:serviceManager.cpp(687)] mainprocessisrunning key is set as 0
[9800:2324:1227/111020:INFO:AppRunner.cpp(730)] close mutex of process geeplayer
[9800:2324:1227/111020:INFO:AppRunner.cpp(738)] run process geeplayer end
