[12348:13156:1229/160901:INFO:AppRunner.cpp(619)] Begin run process geeplayer
[12348:13156:1229/160901:INFO:AppRunner.cpp(623)] ProductName is GeePlayer3
[12348:13156:1229/160901:INFO:AppRunner.cpp(662)] apppluginbase version is 4.3.4.80
[12348:13156:1229/160901:INFO:UIlib.cpp(192)] quilib: version is 4.3.4.78
[12348:13156:1229/160901:INFO:serviceManager.cpp(687)] mainprocessisrunning key is set as 1
[12348:13156:1229/160901:INFO:serviceManager.cpp(800)] create local service plugin PluginServerStatePlugin
[12348:13156:1229/160901:INFO:serviceManager.cpp(694)] service recordPluginServerStatePlugin is dirty old runPID:11732 , right pid:12348 , arrPeerInfo Size:0
[12348:13156:1229/160901:INFO:serviceManager.cpp(704)] service table: name:PluginServerStatePlugin runpid:11732 plugin:00A3EF98, 
[12348:13156:1229/160901:INFO:serviceManager.cpp(857)] plugin PluginServerStatePlugin DoPluginInit
[12348:13156:1229/160901:INFO:serviceManager.cpp(1523)] repository parse over
[12348:13156:1229/160902:INFO:UIManager.cpp(372)] quilib:call set resouce path, path is c:\program files (x86)\iqiyi video\geeplayer\2.5.38.3449\skin
[12348:13156:1229/160902:INFO:UIDlgBuilder.cpp(407)] quilib:create root control failed
[12348:13156:1229/160902:INFO:UIDlgBuilder.cpp(407)] quilib:create root control failed
[12348:13156:1229/160903:INFO:UIDlgBuilder.cpp(407)] quilib:create root control failed
[12348:13156:1229/160903:INFO:UIDlgBuilder.cpp(407)] quilib:create root control failed
[12348:13156:1229/160903:INFO:UIDlgBuilder.cpp(407)] quilib:create root control failed
[12348:13156:1229/160903:INFO:UIDlgBuilder.cpp(407)] quilib:create root control failed
[12348:13156:1229/160915:INFO:AppRunner.cpp(715)] loop exit geeplayer call main plugin DestoryPluginEntry
[12348:13156:1229/160915:INFO:IPlugin.cpp(117)] real plugin mainPlugin call DestroyPlugin
[12348:13156:1229/160915:INFO:IPlugin.cpp(374)] destruct plugin mainPlugin
[12348:13156:1229/160915:INFO:serviceManager.cpp(1608)] mainPlugin plugin had destroy by DestructPlugin
[12348:13156:1229/160915:INFO:serviceManager.cpp(2532)] DestructManager begin
[12348:13156:1229/160915:INFO:IPlugin.cpp(374)] destruct plugin PluginServerStatePlugin
[12348:13156:1229/160915:INFO:IPlugin.cpp(286)] real plugin PluginServerStatePlugin call DestroyPlugin
[12348:13156:1229/160915:INFO:serviceManager.cpp(1608)] PluginServerStatePlugin plugin had destroy by DestructPlugin
[12348:13156:1229/160915:INFO:serviceManager.cpp(2408)] DeleteLeftPlugins begin
[12348:13156:1229/160915:INFO:serviceManager.cpp(2470)] DeleteLeftPlugins end
[12348:13156:1229/160915:INFO:serviceManager.cpp(687)] mainprocessisrunning key is set as 0
[12348:13156:1229/160915:INFO:AppRunner.cpp(730)] close mutex of process geeplayer
[12348:13156:1229/160915:INFO:AppRunner.cpp(738)] run process geeplayer end
[13824:10244:0105/185037:INFO:AppRunner.cpp(619)] Begin run process geeplayer
[13824:10244:0105/185037:INFO:AppRunner.cpp(623)] ProductName is GeePlayer1
[13824:10244:0105/185037:INFO:AppRunner.cpp(662)] apppluginbase version is 4.3.4.80
[13824:10244:0105/185038:INFO:UIlib.cpp(192)] quilib: version is 4.3.4.78
[13824:10244:0105/185038:INFO:serviceManager.cpp(687)] mainprocessisrunning key is set as 1
[13824:10244:0105/185038:INFO:serviceManager.cpp(800)] create local service plugin PluginServerStatePlugin
[13824:10244:0105/185038:INFO:serviceManager.cpp(857)] plugin PluginServerStatePlugin DoPluginInit
[13824:10244:0105/185038:INFO:serviceManager.cpp(1523)] repository parse over
[13824:10244:0105/185042:INFO:UIManager.cpp(372)] quilib:call set resouce path, path is c:\program files (x86)\iqiyi video\geeplayer\2.5.38.3449\skin
[13824:10244:0105/185042:INFO:UIDlgBuilder.cpp(407)] quilib:create root control failed
[13824:10244:0105/185042:INFO:UIDlgBuilder.cpp(407)] quilib:create root control failed
[13824:10244:0105/185043:INFO:UIDlgBuilder.cpp(407)] quilib:create root control failed
[13824:10244:0105/185043:INFO:UIDlgBuilder.cpp(407)] quilib:create root control failed
[13824:10244:0105/185043:INFO:UIDlgBuilder.cpp(407)] quilib:create root control failed
[13824:10244:0105/185043:INFO:UIDlgBuilder.cpp(407)] quilib:create root control failed
[13824:10244:0105/185054:INFO:AppRunner.cpp(715)] loop exit geeplayer call main plugin DestoryPluginEntry
[13824:10244:0105/185054:INFO:IPlugin.cpp(117)] real plugin mainPlugin call DestroyPlugin
[13824:10244:0105/185054:INFO:IPlugin.cpp(374)] destruct plugin mainPlugin
[13824:10244:0105/185054:INFO:serviceManager.cpp(1608)] mainPlugin plugin had destroy by DestructPlugin
[13824:10244:0105/185054:INFO:serviceManager.cpp(2532)] DestructManager begin
[13824:10244:0105/185054:INFO:IPlugin.cpp(374)] destruct plugin PluginServerStatePlugin
[13824:10244:0105/185054:INFO:IPlugin.cpp(286)] real plugin PluginServerStatePlugin call DestroyPlugin
[13824:10244:0105/185054:INFO:serviceManager.cpp(1608)] PluginServerStatePlugin plugin had destroy by DestructPlugin
[13824:10244:0105/185054:INFO:serviceManager.cpp(2408)] DeleteLeftPlugins begin
[13824:10244:0105/185054:INFO:serviceManager.cpp(2470)] DeleteLeftPlugins end
[13824:10244:0105/185054:INFO:serviceManager.cpp(687)] mainprocessisrunning key is set as 0
[13824:10244:0105/185054:INFO:AppRunner.cpp(730)] close mutex of process geeplayer
[13824:10244:0105/185054:INFO:AppRunner.cpp(738)] run process geeplayer end
[13140:13260:0116/134600:INFO:AppRunner.cpp(619)] Begin run process geeplayer
[13140:13260:0116/134600:INFO:AppRunner.cpp(623)] ProductName is GeePlayer14
[13140:13260:0116/134600:INFO:AppRunner.cpp(662)] apppluginbase version is 4.3.4.80
[13140:13260:0116/134600:INFO:UIlib.cpp(192)] quilib: version is 4.3.4.78
[13140:13260:0116/134600:INFO:serviceManager.cpp(687)] mainprocessisrunning key is set as 1
[13140:13260:0116/134600:INFO:serviceManager.cpp(800)] create local service plugin PluginServerStatePlugin
[13140:13260:0116/134600:INFO:serviceManager.cpp(857)] plugin PluginServerStatePlugin DoPluginInit
[13140:13260:0116/134600:INFO:serviceManager.cpp(1523)] repository parse over
[13140:13260:0116/134601:INFO:UIManager.cpp(372)] quilib:call set resouce path, path is c:\program files (x86)\iqiyi video\geeplayer\2.5.38.3449\skin
[13140:13260:0116/134601:INFO:UIDlgBuilder.cpp(407)] quilib:create root control failed
[13140:13260:0116/134601:INFO:UIDlgBuilder.cpp(407)] quilib:create root control failed
[13140:13260:0116/134601:INFO:UIDlgBuilder.cpp(407)] quilib:create root control failed
[13140:13260:0116/134601:INFO:UIDlgBuilder.cpp(407)] quilib:create root control failed
[13140:13260:0116/134601:INFO:UIDlgBuilder.cpp(407)] quilib:create root control failed
[13140:13260:0116/134601:INFO:UIDlgBuilder.cpp(407)] quilib:create root control failed
[13140:13260:0116/134605:INFO:AppRunner.cpp(715)] loop exit geeplayer call main plugin DestoryPluginEntry
[13140:13260:0116/134605:INFO:IPlugin.cpp(117)] real plugin mainPlugin call DestroyPlugin
[13140:13260:0116/134605:INFO:IPlugin.cpp(374)] destruct plugin mainPlugin
[13140:13260:0116/134605:INFO:serviceManager.cpp(1608)] mainPlugin plugin had destroy by DestructPlugin
[13140:13260:0116/134605:INFO:serviceManager.cpp(2532)] DestructManager begin
[13140:13260:0116/134605:INFO:IPlugin.cpp(374)] destruct plugin PluginServerStatePlugin
[13140:13260:0116/134605:INFO:IPlugin.cpp(286)] real plugin PluginServerStatePlugin call DestroyPlugin
[13140:13260:0116/134605:INFO:serviceManager.cpp(1608)] PluginServerStatePlugin plugin had destroy by DestructPlugin
[13140:13260:0116/134605:INFO:serviceManager.cpp(2408)] DeleteLeftPlugins begin
[13140:13260:0116/134605:INFO:serviceManager.cpp(2470)] DeleteLeftPlugins end
[13140:13260:0116/134605:INFO:serviceManager.cpp(687)] mainprocessisrunning key is set as 0
[13140:13260:0116/134605:INFO:AppRunner.cpp(730)] close mutex of process geeplayer
[13140:13260:0116/134605:INFO:AppRunner.cpp(738)] run process geeplayer end
[13920:9704:0116/134619:INFO:AppRunner.cpp(619)] Begin run process geeplayer
[13920:9704:0116/134619:INFO:AppRunner.cpp(623)] ProductName is GeePlayer15
[13920:9704:0116/134619:INFO:AppRunner.cpp(662)] apppluginbase version is 4.3.4.80
[13920:9704:0116/134619:INFO:UIlib.cpp(192)] quilib: version is 4.3.4.78
[13920:9704:0116/134619:INFO:serviceManager.cpp(687)] mainprocessisrunning key is set as 1
[13920:9704:0116/134619:INFO:serviceManager.cpp(800)] create local service plugin PluginServerStatePlugin
[13920:9704:0116/134619:INFO:serviceManager.cpp(857)] plugin PluginServerStatePlugin DoPluginInit
[13920:9704:0116/134619:INFO:serviceManager.cpp(1523)] repository parse over
[13920:9704:0116/134620:INFO:UIManager.cpp(372)] quilib:call set resouce path, path is c:\program files (x86)\iqiyi video\geeplayer\2.5.38.3449\skin
[13920:9704:0116/134620:INFO:UIDlgBuilder.cpp(407)] quilib:create root control failed
[13920:9704:0116/134620:INFO:UIDlgBuilder.cpp(407)] quilib:create root control failed
[13920:9704:0116/134620:INFO:UIDlgBuilder.cpp(407)] quilib:create root control failed
[13920:9704:0116/134620:INFO:UIDlgBuilder.cpp(407)] quilib:create root control failed
[13920:9704:0116/134620:INFO:UIDlgBuilder.cpp(407)] quilib:create root control failed
[13920:9704:0116/134620:INFO:UIDlgBuilder.cpp(407)] quilib:create root control failed
[13920:9704:0116/134621:INFO:AppRunner.cpp(715)] loop exit geeplayer call main plugin DestoryPluginEntry
[13920:9704:0116/134621:INFO:IPlugin.cpp(117)] real plugin mainPlugin call DestroyPlugin
[13920:9704:0116/134621:INFO:IPlugin.cpp(374)] destruct plugin mainPlugin
[13920:9704:0116/134621:INFO:serviceManager.cpp(1608)] mainPlugin plugin had destroy by DestructPlugin
[13920:9704:0116/134621:INFO:serviceManager.cpp(2532)] DestructManager begin
[13920:9704:0116/134621:INFO:IPlugin.cpp(374)] destruct plugin PluginServerStatePlugin
[13920:9704:0116/134621:INFO:IPlugin.cpp(286)] real plugin PluginServerStatePlugin call DestroyPlugin
[13920:9704:0116/134621:INFO:serviceManager.cpp(1608)] PluginServerStatePlugin plugin had destroy by DestructPlugin
[13920:9704:0116/134621:INFO:serviceManager.cpp(2408)] DeleteLeftPlugins begin
[13920:9704:0116/134621:INFO:serviceManager.cpp(2470)] DeleteLeftPlugins end
[13920:9704:0116/134621:INFO:serviceManager.cpp(687)] mainprocessisrunning key is set as 0
[13920:9704:0116/134621:INFO:AppRunner.cpp(730)] close mutex of process geeplayer
[13920:9704:0116/134621:INFO:AppRunner.cpp(738)] run process geeplayer end
[9212:4316:0202/165251:INFO:AppRunner.cpp(619)] Begin run process geeplayer
[9212:4316:0202/165251:INFO:AppRunner.cpp(623)] ProductName is GeePlayer1
[9212:4316:0202/165251:INFO:AppRunner.cpp(662)] apppluginbase version is 4.3.4.80
[9212:4316:0202/165252:INFO:UIlib.cpp(192)] quilib: version is 4.3.4.78
[9212:4316:0202/165252:INFO:serviceManager.cpp(687)] mainprocessisrunning key is set as 1
[9212:4316:0202/165252:INFO:serviceManager.cpp(800)] create local service plugin PluginServerStatePlugin
[9212:4316:0202/165252:INFO:serviceManager.cpp(857)] plugin PluginServerStatePlugin DoPluginInit
[9212:4316:0202/165252:INFO:serviceManager.cpp(1523)] repository parse over
[9212:4316:0202/165300:INFO:AppRunner.cpp(715)] loop exit geeplayer call main plugin DestoryPluginEntry
[9212:4316:0202/165300:INFO:IPlugin.cpp(117)] real plugin mainPlugin call DestroyPlugin
[9212:4316:0202/165300:INFO:IPlugin.cpp(374)] destruct plugin mainPlugin
[9212:4316:0202/165300:INFO:serviceManager.cpp(1608)] mainPlugin plugin had destroy by DestructPlugin
[9212:4316:0202/165300:INFO:serviceManager.cpp(2532)] DestructManager begin
[9212:4316:0202/165300:INFO:IPlugin.cpp(374)] destruct plugin PluginServerStatePlugin
[9212:4316:0202/165300:INFO:IPlugin.cpp(286)] real plugin PluginServerStatePlugin call DestroyPlugin
[9212:4316:0202/165300:INFO:serviceManager.cpp(1608)] PluginServerStatePlugin plugin had destroy by DestructPlugin
[9212:4316:0202/165300:INFO:serviceManager.cpp(2408)] DeleteLeftPlugins begin
[9212:4316:0202/165300:INFO:serviceManager.cpp(2470)] DeleteLeftPlugins end
[9212:4316:0202/165300:INFO:serviceManager.cpp(687)] mainprocessisrunning key is set as 0
[9212:4316:0202/165300:INFO:AppRunner.cpp(730)] close mutex of process geeplayer
[9212:4316:0202/165300:INFO:AppRunner.cpp(738)] run process geeplayer end
